<?xml version="1.0" encoding="UTF-8"?>
<!-- Generated by org.testng.reporters.JUnitReportReporter -->
<testsuite hostname="CSCO-W-PF30R8QJ" failures="0" tests="1" name="com.test.testing" time="0.009" errors="0" timestamp="16 Jan 2023 11:08:21 GMT">
  <testcase classname="com.test.testing" name="Test1" time="0.009"/>
</testsuite> <!-- com.test.testing -->
